TN:
SF:/Users/xavier/Documents/projects/vuecli/jrmf-utils/src/components/Array/test.js
FN:4,(anonymous_0)
FN:5,(anonymous_1)
FN:10,(anonymous_2)
FNF:3
FNH:3
FNDA:1,(anonymous_0)
FNDA:1,(anonymous_1)
FNDA:1,(anonymous_2)
DA:4,1
DA:5,1
DA:6,1
DA:8,1
DA:10,1
DA:11,1
LF:6
LH:6
BRF:0
BRH:0
end_of_record
TN:
SF:/Users/xavier/Documents/projects/vuecli/jrmf-utils/src/index.js
FNF:0
FNH:0
LF:0
LH:0
BRF:0
BRH:0
end_of_record
TN:
SF:/Users/xavier/Documents/projects/vuecli/jrmf-utils/src/components/Array/arrayEqual.js
FN:7,arrayEqual
FNF:1
FNH:1
FNDA:1,arrayEqual
DA:8,1
DA:9,1
DA:10,1
DA:11,1
DA:13,0
LF:5
LH:4
BRDA:8,0,0,0
BRDA:8,0,1,1
BRDA:9,1,0,0
BRDA:9,1,1,1
BRDA:11,2,0,1
BRDA:11,2,1,0
BRF:6
BRH:3
end_of_record
